Using pre-set license

 COMMAND LINE ARGUMENTS:
/Applications/Unity/Hub/Editor/2020.3.10f1/Unity.app/Contents/MacOS/Unity
-adb2
-batchMode
-noUpm
-name
AssetImportWorker0
-projectPath
/Users/ads145/Unity Projects/ObjectPool
-logFile
Logs/AssetImportWorker0.log
-srvPort
53513
Successfully changed project path to: /Users/ads145/Unity Projects/ObjectPool
/Users/ads145/Unity Projects/ObjectPool
Using Asset Import Pipeline V2.
Refreshing native plugins compatible for Editor in 40.58 ms, found 2 plugins.
Preloading 0 native plugins for Editor in 0.00 ms.
Initialize engine version: 2020.3.10f1 (297d780c91bc)
[Subsystems] Discovering subsystems at path /Applications/Unity/Hub/Editor/2020.3.10f1/Unity.app/Contents/Resources/UnitySubsystems
[Subsystems] Discovering subsystems at path /Users/ads145/Unity Projects/ObjectPool/Assets
GfxDevice: creating device client; threaded=0
2021-11-30 15:12:45.095 Unity[3041:9575015] Color LCD preferred device: AMD Radeon Pro 555 (high power)
2021-11-30 15:12:45.095 Unity[3041:9575015] Metal devices available: 2
2021-11-30 15:12:45.095 Unity[3041:9575015] 0: AMD Radeon Pro 555 (high power)
2021-11-30 15:12:45.095 Unity[3041:9575015] 1: Intel(R) HD Graphics 630 (low power)
2021-11-30 15:12:45.095 Unity[3041:9575015] Using device AMD Radeon Pro 555 (high power)
Initializing Metal device caps: AMD Radeon Pro 555
Initialize mono
Mono path[0] = '/Applications/Unity/Hub/Editor/2020.3.10f1/Unity.app/Contents/Managed'
Mono path[1] = '/Applications/Unity/Hub/Editor/2020.3.10f1/Unity.app/Contents/MonoBleedingEdge/lib/mono/unityjit'
Mono config path = '/Applications/Unity/Hub/Editor/2020.3.10f1/Unity.app/Contents/MonoBleedingEdge/etc'
Using monoOptions --debugger-agent=transport=dt_socket,embedding=1,server=y,suspend=n,address=127.0.0.1:56041
Begin MonoManager ReloadAssembly
Registering precompiled unity dll's ...
Register platform support module: /Applications/Unity/Hub/Editor/2020.3.10f1/Unity.app/Contents/PlaybackEngines/MacStandaloneSupport/UnityEditor.OSXStandalone.Extensions.dll
Registered in 0.002085 seconds.
Native extension for OSXStandalone target not found
Refreshing native plugins compatible for Editor in 39.51 ms, found 2 plugins.
Preloading 0 native plugins for Editor in 0.00 ms.
Mono: successfully reloaded assembly
- Completed reload, in  2.131 seconds
Platform modules already initialized, skipping
Registering precompiled user dll's ...
Registered in 0.012975 seconds.
Begin MonoManager ReloadAssembly
Native extension for OSXStandalone target not found
Refreshing native plugins compatible for Editor in 0.34 ms, found 2 plugins.
Preloading 0 native plugins for Editor in 0.00 ms.
Mono: successfully reloaded assembly
- Completed reload, in  1.628 seconds
Platform modules already initialized, skipping
========================================================================
Worker process is ready to serve import requests
Launching external process: /Applications/Unity/Hub/Editor/2020.3.10f1/Unity.app/Contents/Tools/UnityShaderCompiler
Launched and connected shader compiler UnityShaderCompiler after 0.02 seconds
Refreshing native plugins compatible for Editor in 0.36 ms, found 2 plugins.
Preloading 0 native plugins for Editor in 0.00 ms.
Unloading 1396 Unused Serialized files (Serialized files now loaded: 0)
System memory in use before: 132.0 MB.
System memory in use after: 132.1 MB.

Unloading 18 unused Assets to reduce memory usage. Loaded Objects now: 1830.
Total: 2.227105 ms (FindLiveObjects: 0.205924 ms CreateObjectMapping: 0.049563 ms MarkObjects: 1.899447 ms  DeleteObjects: 0.071177 ms)

========================================================================
Received Import Request.
  path: Assets/beach-background-9.jpg
  artifactKey: Guid(8ac694463ef414e908de4e3b22937ed7) Importer(815301076,1909f56bfc062723c751e8b465ee728b)
Start importing Assets/beach-background-9.jpg using Guid(8ac694463ef414e908de4e3b22937ed7) Importer(815301076,1909f56bfc062723c751e8b465ee728b)  -> (artifact id: 'bdcdbd7900dbe8b78c5296f5435e0b34') in 0.696067 seconds
  Import took 0.700322 seconds .

========================================================================
Received Import Request.
  Time since last request: 56.845843 seconds.
  path: Assets/prefab/Spawn Object.prefab
  artifactKey: Guid(404746c6f8111408095f93c33333de59) Importer(815301076,1909f56bfc062723c751e8b465ee728b)
Start importing Assets/prefab/Spawn Object.prefab using Guid(404746c6f8111408095f93c33333de59) Importer(815301076,1909f56bfc062723c751e8b465ee728b)  -> (artifact id: '12dbe18b7af07a7b29e352aca79c439a') in 0.608188 seconds
  Import took 0.611540 seconds .

========================================================================
Received Import Request.
  Time since last request: 0.000282 seconds.
  path: Assets/prefab/SpawnSetting.asset
  artifactKey: Guid(bf7de2eeacbff4fe6a9851a4863cdf65) Importer(815301076,1909f56bfc062723c751e8b465ee728b)
Start importing Assets/prefab/SpawnSetting.asset using Guid(bf7de2eeacbff4fe6a9851a4863cdf65) Importer(815301076,1909f56bfc062723c751e8b465ee728b)  -> (artifact id: 'd9b1f027a0082c78abcdf992449d360f') in 0.177878 seconds
  Import took 0.180433 seconds .

========================================================================
Received Import Request.
  Time since last request: 125.718045 seconds.
  path: Assets/Scripts/ParticleSpawn.cs
  artifactKey: Guid(720a445bf029548e08c24d7ea05e743c) Importer(815301076,1909f56bfc062723c751e8b465ee728b)
Start importing Assets/Scripts/ParticleSpawn.cs using Guid(720a445bf029548e08c24d7ea05e743c) Importer(815301076,1909f56bfc062723c751e8b465ee728b)  -> (artifact id: '3775c24d342f79f5d550698d658f6ce8') in 2.324927 seconds
  Import took 2.328050 seconds .

========================================================================
Received Prepare
Registering precompiled user dll's ...
Registered in 0.004989 seconds.
Begin MonoManager ReloadAssembly
Native extension for OSXStandalone target not found
Refreshing native plugins compatible for Editor in 0.32 ms, found 2 plugins.
Preloading 0 native plugins for Editor in 0.00 ms.
Mono: successfully reloaded assembly
- Completed reload, in  2.272 seconds
Platform modules already initialized, skipping
Refreshing native plugins compatible for Editor in 0.56 ms, found 2 plugins.
Preloading 0 native plugins for Editor in 0.00 ms.
Unloading 1391 Unused Serialized files (Serialized files now loaded: 0)
System memory in use before: 152.7 MB.
System memory in use after: 152.8 MB.

Unloading 14 unused Assets to reduce memory usage. Loaded Objects now: 1843.
Total: 2.528403 ms (FindLiveObjects: 0.262599 ms CreateObjectMapping: 0.088123 ms MarkObjects: 2.146825 ms  DeleteObjects: 0.029565 ms)

